var a;
undefined
typeof a;
'undefined'
a=100;
100
typeof a;
'number'
a=1;
1
typeof a;
'number'
a=123435535345;
123435535345
typeof a;
'number'
a=10.20;
10.2
typeof a;
'number'
typeof (a);
'number'
typeof ((a));
'number'
typeof (10 + 20 -(90+10));
'number'
a= "Amit";
'Amit'
typeof a;
'string'
a='Amit';
'Amit'
typeof a;
'string'
a="Let's do it ";
"Let's do it "
a=`ghrdkghdfkghgkfdg
hrdfkghkdgkfdj
gjdh`; // ES 6 (2015)
'ghrdkghdfkghgkfdg\nhrdfkghkdgkfdj\ngjdh'
a;
'ghrdkghdfkghgkfdg\nhrdfkghkdgkfdj\ngjdh'
console.log(a);
VM456:1 ghrdkghdfkghgkfdg
hrdfkghkdgkfdj
gjdh
undefined
a;
'ghrdkghdfkghgkfdg\nhrdfkghkdgkfdj\ngjdh'
var x = 10;
undefined
x;
10
x=20;
20
var y = 200;
undefined
var z = x + y;
undefined
"x is "+x
'x is 20'
"x is "+x+" Y is "+y;
'x is 20 Y is 200'
"x is "+x+" Y is "+y+" z is "+z;
'x is 20 Y is 200 z is 220'
var orderNumber = 1001;
undefined
"Your Order "+orderNumber +" is Booked";
'Your Order 1001 is Booked'
`X is ${x} and Y is ${y} and Z is ${z}` // String Interpolation (ES6)
'X is 20 and Y is 200 and Z is 220'
a = true;
true
typeof a;
'boolean'
10 + true;
11
10 + "Hello"
'10Hello'
// Coercion
undefined
10 + truue - false;
VM1119:1 Uncaught ReferenceError: truue is not defined
    at <anonymous>:1:6
(anonymous) @ VM1119:1
10 + true - false;
11
"Hello" + 10 + 20;
'Hello1020'
10 + 20 + "Hello"
'30Hello'
10 + 20 + undefined;
NaN
a = 10 + 20 + undefined;
NaN
typeof a;
'number'
a;
NaN
a = 10/0;
Infinity
typeof a;
'number'
isFinite(a);
false
a=100;
100
isFinite(a);
true
a=10 - undefined;
NaN
isNaN(a);
true
"Your Bill is "+a;
'Your Bill is NaN'
"Your Bill is "+(isNaN(a)?"Some Issue , Contact Admin":a);
'Your Bill is Some Issue , Contact Admin'
10 + "20"
'1020'
10 + parseInt("20")
30
parseInt("AMIT");
NaN
parseFloat("10.20");
10.2
10 - "20"
-10
10 + "20"
'1020'
"Amit" - "Srivastava"
NaN
a= 9845743895789437594379574395794385;
9.845743895789438e+33
a = Number.MAX_SAFE_INTEGER;
9007199254740991
a++;
9007199254740991
a++;
9007199254740992
a++;
9007199254740992
a = Number.MAX_SAFE_INTEGER;
9007199254740991
a++;
9007199254740991
a++;
9007199254740992
a++;
9007199254740992
a++;
9007199254740992
a++;
9007199254740992
typeof a;
'number'
a=9007199254740992467854783n; // bigint
9007199254740992467854783n
typeof a;
'bigint'
a++;
9007199254740992467854783n
a++;
9007199254740992467854784n
a++;
9007199254740992467854785n
a++;
9007199254740992467854786n
a++;
9007199254740992467854787n
a=BigInt("563487568374658346853685");
563487568374658346853685n
576567n + 4654564654n;
4655141221n
24423432 + 64645n;
VM2188:1 Uncaught TypeError: Cannot mix BigInt and other types, use explicit conversions
    at <anonymous>:1:10
(anonymous) @ VM2188:1
a="AMit";
'AMit'
a.toUpperCase();
'AMIT'
a=10;
10
a.toUpperCase();
VM2319:1 Uncaught TypeError: a.toUpperCase is not a function
    at <anonymous>:1:3
(anonymous) @ VM2319:1
var d = Symbol();
undefined
d;
Symbol()
typeof d;
'symbol'
Symbol() == Symbol();
false
isNaN(true);
false
isNaN("Amit");
true
isNaN(10-undefined);
true
isNaN(true);
false
x = "Amit"-"Srivastava";
NaN
var w = Symbol();

undefined
isNaN(w);
VM2703:1 Uncaught TypeError: Cannot convert a Symbol value to a number
    at isNaN (<anonymous>)
    at <anonymous>:1:1
(anonymous) @ VM2703:1
"Amit" * 10;
NaN
"10" * 10;
100
2 **3;
8
var  a= 10;
undefined
a++;
10
a;
11
++a;
12
